0 info it worked if it ends with ok
1 verbose cli [ '/home/canvasplay/.nvm/versions/node/v6.12.3/bin/node',
1 verbose cli   '/home/canvasplay/.nvm/versions/node/v6.12.3/bin/npm',
1 verbose cli   'docs' ]
2 info using npm@3.10.10
3 info using node@v6.12.3
4 silly docs [ '.' ]
5 silly getDoc .
6 silly fetchPackageMetaData .
7 silly fetchDirectoryPackageData .
8 verbose stack Error: Command failed: xdg-open https://github.com/canvasplay/sysdoc#readme
8 verbose stack /usr/bin/xdg-open: 778: /usr/bin/xdg-open: www-browser: not found
8 verbose stack /usr/bin/xdg-open: 778: /usr/bin/xdg-open: links2: not found
8 verbose stack /usr/bin/xdg-open: 778: /usr/bin/xdg-open: elinks: not found
8 verbose stack /usr/bin/xdg-open: 778: /usr/bin/xdg-open: links: not found
8 verbose stack /usr/bin/xdg-open: 778: /usr/bin/xdg-open: lynx: not found
8 verbose stack /usr/bin/xdg-open: 778: /usr/bin/xdg-open: w3m: not found
8 verbose stack xdg-open: no method available for opening 'https://github.com/canvasplay/sysdoc#readme'
8 verbose stack
8 verbose stack     at ChildProcess.exithandler (child_process.js:199:12)
8 verbose stack     at emitTwo (events.js:106:13)
8 verbose stack     at ChildProcess.emit (events.js:191:7)
8 verbose stack     at maybeClose (internal/child_process.js:920:16)
8 verbose stack     at Process.ChildProcess._handle.onexit (internal/child_process.js:230:5)
9 verbose cwd /home/canvasplay/Downloads/git-repos/laravel-mix-test/sysdoc
10 error Linux 4.4.127-13890-g6c206f1711d4
11 error argv "/home/canvasplay/.nvm/versions/node/v6.12.3/bin/node" "/home/canvasplay/.nvm/versions/node/v6.12.3/bin/npm" "docs"
12 error node v6.12.3
13 error npm  v3.10.10
14 error code 3
15 error Command failed: xdg-open https://github.com/canvasplay/sysdoc#readme
15 error /usr/bin/xdg-open: 778: /usr/bin/xdg-open: www-browser: not found
15 error /usr/bin/xdg-open: 778: /usr/bin/xdg-open: links2: not found
15 error /usr/bin/xdg-open: 778: /usr/bin/xdg-open: elinks: not found
15 error /usr/bin/xdg-open: 778: /usr/bin/xdg-open: links: not found
15 error /usr/bin/xdg-open: 778: /usr/bin/xdg-open: lynx: not found
15 error /usr/bin/xdg-open: 778: /usr/bin/xdg-open: w3m: not found
15 error xdg-open: no method available for opening 'https://github.com/canvasplay/sysdoc#readme'
16 error If you need help, you may report this error at:
16 error     <https://github.com/npm/npm/issues>
17 verbose exit [ 1, true ]
